<?xml version="1.0" encoding="UTF-8"?>
<!-- Generated by org.testng.reporters.JUnitXMLReporter -->
<testsuite hostname="LAPTOP-2CN4VJ8B" ignored="0" name="Default test" tests="5" failures="0" timestamp="2022-07-25T08:02:56 IST" time="35.102" errors="0">
  <testcase name="homePageTitleIMDB" time="0.052" classname="com.testVagrant.tests.TestCases"/>
  <testcase name="searchMovieIMDb" time="12.441" classname="com.testVagrant.tests.TestCases"/>
  <testcase name="homePageTitleWiki" time="3.672" classname="com.testVagrant.tests.TestCases"/>
  <testcase name="searchMovieWiki" time="7.807" classname="com.testVagrant.tests.TestCases"/>
  <testcase name="compareMovieDetails" time="0.002" classname="com.testVagrant.tests.TestCases"/>
</testsuite> <!-- Default test -->
