<?xml version="1.0" encoding="UTF-8"?>
<!-- Generated by org.testng.reporters.JUnitXMLReporter -->
<testsuite hostname="LAPTOP-2CN4VJ8B" ignored="0" name="PositiveTest" tests="5" failures="0" timestamp="2022-07-25T08:14:53 IST" time="33.202" errors="0">
  <testcase name="homePageTitleIMDB" time="0.596" classname="com.testVagrant.tests.TestCases"/>
  <testcase name="searchMovieIMDb" time="12.544" classname="com.testVagrant.tests.TestCases"/>
  <testcase name="homePageTitleWiki" time="3.432" classname="com.testVagrant.tests.TestCases"/>
  <testcase name="searchMovieWiki" time="7.521" classname="com.testVagrant.tests.TestCases"/>
  <testcase name="compareMovieDetails" time="0.001" classname="com.testVagrant.tests.TestCases"/>
</testsuite> <!-- PositiveTest -->
