<?xml version="1.0" encoding="UTF-8"?>
<!-- Generated by org.testng.reporters.JUnitXMLReporter -->
<testsuite hostname="LTIN252374" ignored="0" name="PositiveTest" tests="6" failures="1" timestamp="2022-09-01T16:58:08 IST" time="90.13" errors="0">
  <testcase name="homePageTitleIMDB" time="2.473" classname="com.testVagrant.tests.TestCases"/>
  <testcase name="searchMovieIMDb" time="38.015" classname="com.testVagrant.tests.TestCases"/>
  <testcase name="homePageTitleWiki" time="1.879" classname="com.testVagrant.tests.TestCases"/>
  <testcase name="searchMovieWiki" time="10.731" classname="com.testVagrant.tests.TestCases"/>
  <testcase name="compareCountry" time="0.0" classname="com.testVagrant.tests.TestCases"/>
  <testcase name="compareReleaseDate" time="0.644" classname="com.testVagrant.tests.TestCases">
    <failure type="java.lang.AssertionError" message="expected [true] but found [false]">
      <![CDATA[java.lang.AssertionError: expected [true] but found [false]
at com.testVagrant.tests.TestCases.compareReleaseDate(TestCases.java:177)
at java.util.ArrayList.forEach(ArrayList.java:1234)
... Removed 36 stack frames]]>
    </failure>
  </testcase> <!-- compareReleaseDate -->
</testsuite> <!-- PositiveTest -->
