<?xml version="1.0" encoding="UTF-8"?>
<testsuite xmlns:xsi="http://www.w3.org/2001/XMLSchema-instance" xsi:noNamespaceSchemaLocation="https://maven.apache.org/surefire/maven-surefire-plugin/xsd/surefire-test-report.xsd" name="TestSuite" time="92.305" tests="6" errors="0" skipped="0" failures="1">
  <properties>
[...]
</properties>
  <testcase name="homePageTitleIMDB" classname="com.testVagrant.tests.TestCases" time="2.48"/>
  <testcase name="searchMovieIMDb" classname="com.testVagrant.tests.TestCases" time="38.015"/>
  <testcase name="homePageTitleWiki" classname="com.testVagrant.tests.TestCases" time="1.878"/>
  <testcase name="searchMovieWiki" classname="com.testVagrant.tests.TestCases" time="10.732"/>
  <testcase name="compareCountry" classname="com.testVagrant.tests.TestCases" time="0.001"/>
  <testcase name="compareReleaseDate" classname="com.testVagrant.tests.TestCases" time="0.678">
    <failure message="expected [true] but found [false]" type="java.lang.AssertionError">java.lang.AssertionError: expected [true] but found [false]
	at com.testVagrant.tests.TestCases.compareReleaseDate(TestCases.java:177)
</failure>
    <system-out><![CDATA[IMDB Release Date: January 7, 2022 (United States)
Wiki Release Date: 17 December 2021
Release Date in IMDB and Wiki did not match
]]></system-out>
  </testcase>
</testsuite>