-------------------------------------------------------------------------------
Test set: TestSuite
-------------------------------------------------------------------------------
Tests run: 6, Failures: 1, Errors: 0, Skipped: 0, Time elapsed: 92.305 s <<< FAILURE! - in TestSuite
compareReleaseDate(com.testVagrant.tests.TestCases)  Time elapsed: 0.678 s  <<< FAILURE!
java.lang.AssertionError: expected [true] but found [false]
	at com.testVagrant.tests.TestCases.compareReleaseDate(TestCases.java:177)

